app/build/outputs/logs/manifest-merger-debug-report.txt
-- Merging decision tree log ---
manifest
ADDED from src/main/AndroidManifest.xml:2:1-121:12
INJECTED from src/main/AndroidManifest.xml:2:1-121:12
INJECTED from src/main/AndroidManifest.xml:2:1-121:12
INJECTED from src/main/AndroidManifest.xml:2:1-121:12
MERGED from [devlight.io:navigationtabbar:1.2.5] AndroidManifest.xml:14:1-28:12
MERGED from [com.android.support:design:27.1.1] AndroidManifest.xml:17:1-22:12
MERGED from [com.afollestad.material-dialogs:core:0.9.6.0] AndroidManifest.xml:2:1-15:12
MERGED from [com.github.bmarrdev:android-DecoView-charting:v1.2] AndroidManifest.xml:2:1-14:12
MERGED from [me.itangqi.waveloadingview:library:0.3.5] AndroidManifest.xml:2:1-17:12
MERGED from [com.github.Shashank02051997:FancyToast-Android:0.1.3] AndroidManifest.xml:2:1-17:12
MERGED from [jp.wasabeef:recyclerview-animators:2.2.5] AndroidManifest.xml:2:1-12:12
MERGED from [com.github.Shashank02051997:FancyAlertDialog-Android:0.1] AndroidManifest.xml:2:1-11:12
MERGED from [me.zhanghai.android.materialprogressbar:library:1.4.2] AndroidManifest.xml:6:1-16:12
MERGED from [com.android.support:appcompat-v7:27.1.1] AndroidManifest.xml:17:1-22:12
MERGED from [com.google.android.gms:play-services-ads:17.1.2] AndroidManifest.xml:17:1-25:12
MERGED from [com.google.firebase:firebase-messaging:17.3.4] AndroidManifest.xml:17:1-37:12
MERGED from [com.google.android.gms:play-services-ads-identifier:16.0.0] AndroidManifest.xml:17:1-24:12
MERGED from [com.google.android.gms:play-services-ads-lite:17.1.2] AndroidManifest.xml:17:1-42:12
MERGED from [com.google.android.gms:play-services-gass:17.1.2] AndroidManifest.xml:2:1-9:12
MERGED from [com.google.firebase:firebase-iid:17.0.4] AndroidManifest.xml:17:1-59:12
MERGED from [com.google.firebase:firebase-common:16.0.3] AndroidManifest.xml:2:1-17:12
MERGED from [com.google.firebase:firebase-iid-interop:16.0.1] AndroidManifest.xml:2:1-10:12
MERGED from [com.google.android.gms:play-services-base:16.0.1] AndroidManifest.xml:17:1-29:12
MERGED from [com.google.android.gms:play-services-tasks:16.0.1] AndroidManifest.xml:2:1-9:12
MERGED from [com.google.firebase:firebase-measurement-connector:17.0.1] AndroidManifest.xml:17:1-25:12
MERGED from [com.google.android.gms:play-services-measurement-sdk-api:16.0.4] AndroidManifest.xml:17:1-30:12
MERGED from [com.google.android.gms:play-services-stats:16.0.1] AndroidManifest.xml:2:1-9:12
MERGED from [com.google.android.gms:play-services-measurement-base:16.0.5] AndroidManifest.xml:2:1-9:12
MERGED from [com.google.android.gms:play-services-basement:16.0.1] AndroidManifest.xml:17:1-28:12
MERGED from [com.android.support:support-v4:27.1.1] AndroidManifest.xml:17:1-22:12
MERGED from [com.android.support:recyclerview-v7:27.1.1] AndroidManifest.xml:17:1-22:12
MERGED from [com.android.support:cardview-v7:27.1.1] AndroidManifest.xml:17:1-22:12
MERGED from [com.android.support:gridlayout-v7:27.1.1] AndroidManifest.xml:17:1-22:12
MERGED from [com.daimajia.numberprogressbar:library:1.2] AndroidManifest.xml:2:1-11:12
MERGED from [com.amitshekhar.android:android-networking:0.2.0] AndroidManifest.xml:18:1-33:12
MERGED from [com.android.support.constraint:constraint-layout:1.1.3] AndroidManifest.xml:2:1-11:12
MERGED from [com.github.jakob-grabner:Circle-Progress-View:1.2.8] AndroidManifest.xml:2:1-13:12
MERGED from [de.hdodenhof:circleimageview:3.0.0] AndroidManifest.xml:2:1-11:12
MERGED from [com.mcxiaoke.volley:library-aar:1.0.0] AndroidManifest.xml:1:70-7:12
MERGED from [net.grandcentrix.tray:tray:0.12.0] AndroidManifest.xml:2:1-19:12
MERGED from [com.intuit.sdp:sdp-android:1.0.4] AndroidManifest.xml:2:1-11:12
MERGED from [com.cardiomood.android:android-widgets:0.1.1] AndroidManifest.xml:2:1-14:12
MERGED from [com.skyfishjy.ripplebackground:library:1.0.1] AndroidManifest.xml:2:1-13:12
MERGED from [com.zys:brokenview:1.0.3] AndroidManifest.xml:2:1-12:12
MERGED from [com.android.support:support-fragment:27.1.1] AndroidManifest.xml:17:1-22:12
MERGED from [com.android.support:animated-vector-drawable:27.1.1] AndroidManifest.xml:17:1-22:12
MERGED from [com.android.support:support-core-ui:27.1.1] AndroidManifest.xml:17:1-22:12
MERGED from [com.android.support:support-core-utils:27.1.1] AndroidManifest.xml:17:1-22:12
MERGED from [com.android.support:support-vector-drawable:27.1.1] AndroidManifest.xml:17:1-22:12
MERGED from [com.android.support:support-media-compat:27.1.1] AndroidManifest.xml:17:1-22:12
MERGED from [com.android.support:transition:27.1.1] AndroidManifest.xml:17:1-22:12
MERGED from [com.android.support:customtabs:26.1.0] AndroidManifest.xml:17:1-28:12
MERGED from [com.android.support:support-compat:27.1.1] AndroidManifest.xml:17:1-22:12
MERGED from [com.google.android.gms:play-services-ads-base:17.1.2] AndroidManifest.xml:2:1-9:12
MERGED from [android.arch.lifecycle:livedata-core:1.1.0] AndroidManifest.xml:17:1-22:12
MERGED from [android.arch.lifecycle:viewmodel:1.1.0] AndroidManifest.xml:17:1-22:12
MERGED from [android.arch.lifecycle:runtime:1.1.0] AndroidManifest.xml:17:1-22:12
MERGED from [android.arch.core:runtime:1.1.0] AndroidManifest.xml:17:1-22:12
INJECTED from src/main/AndroidManifest.xml:2:1-121:12
INJECTED from src/main/AndroidManifest.xml:2:1-121:12
INJECTED from src/main/AndroidManifest.xml:2:1-121:12
	package
		ADDED from src/main/AndroidManifest.xml:4:5-33
		INJECTED from src/main/AndroidManifest.xml
		INJECTED from src/main/AndroidManifest.xml
	android:versionName
		INJECTED from src/main/AndroidManifest.xml
		ADDED from src/main/AndroidManifest.xml:2:1-121:12
		INJECTED from src/main/AndroidManifest.xml
	xmlns:tools
		ADDED from src/main/AndroidManifest.xml:3:5-51
	android:versionCode
		INJECTED from src/main/AndroidManifest.xml
		ADDED from src/main/AndroidManifest.xml:2:1-121:12
		INJECTED from src/main/AndroidManifest.xml
	xmlns:android
		ADDED from src/main/AndroidManifest.xml:2:11-69
uses-permission#android.permission.ACCESS_WIFI_STATE
ADDED from src/main/AndroidManifest.xml:6:5-76
	android:name
		ADDED from src/main/AndroidManifest.xml:6:22-73
uses-permission#android.permission.BLUETOOTH
ADDED from src/main/AndroidManifest.xml:7:5-68
	android:name
		ADDED from src/main/AndroidManifest.xml:7:22-65
uses-permission#android.permission.BLUETOOTH_ADMIN
ADDED from src/main/AndroidManifest.xml:8:5-74
	android:name
		ADDED from src/main/AndroidManifest.xml:8:22-71
uses-permission#android.permission.CHANGE_WIFI_STATE
ADDED from src/main/AndroidManifest.xml:9:5-76
	android:name
		ADDED from src/main/AndroidManifest.xml:9:22-73
uses-permission#android.permission.INTERNET
ADDED from src/main/AndroidManifest.xml:10:5-67
MERGED from [com.google.android.gms:play-services-ads-lite:17.1.2] AndroidManifest.xml:23:5-67
MERGED from [com.google.android.gms:play-services-ads-lite:17.1.2] AndroidManifest.xml:23:5-67
MERGED from [com.google.firebase:firebase-iid:17.0.4] AndroidManifest.xml:23:5-67
MERGED from [com.google.firebase:firebase-iid:17.0.4] AndroidManifest.xml:23:5-67
MERGED from [com.google.android.gms:play-services-measurement-sdk-api:16.0.4] AndroidManifest.xml:23:5-67
MERGED from [com.google.android.gms:play-services-measurement-sdk-api:16.0.4] AndroidManifest.xml:23:5-67
	android:name
		ADDED from src/main/AndroidManifest.xml:10:22-64
uses-permission#android.permission.ACCESS_NETWORK_STATE
ADDED from src/main/AndroidManifest.xml:11:5-79
MERGED from [com.google.android.gms:play-services-ads-lite:17.1.2] AndroidManifest.xml:24:5-79
MERGED from [com.google.android.gms:play-services-ads-lite:17.1.2] AndroidManifest.xml:24:5-79
MERGED from [com.google.firebase:firebase-iid:17.0.4] AndroidManifest.xml:22:5-79
MERGED from [com.google.firebase:firebase-iid:17.0.4] AndroidManifest.xml:22:5-79
MERGED from [com.google.android.gms:play-services-measurement-sdk-api:16.0.4] AndroidManifest.xml:24:5-79
MERGED from [com.google.android.gms:play-services-measurement-sdk-api:16.0.4] AndroidManifest.xml:24:5-79
	android:name
		ADDED from src/main/AndroidManifest.xml:11:22-76
uses-permission#android.permission.RECEIVE_BOOT_COMPLETED
ADDED from src/main/AndroidManifest.xml:12:5-81
	android:name
		ADDED from src/main/AndroidManifest.xml:12:22-78
uses-permission#android.permission.ACCESS_NOTIFICATION_POLICY
ADDED from src/main/AndroidManifest.xml:13:5-85
	android:name
		ADDED from src/main/AndroidManifest.xml:13:22-82
uses-permission#android.permission.FOREGROUND_SERVICE
ADDED from src/main/AndroidManifest.xml:14:5-77
	android:name
		ADDED from src/main/AndroidManifest.xml:14:22-74
uses-permission#android.permission.WAKE_LOCK
ADDED from src/main/AndroidManifest.xml:15:5-68
MERGED from [com.google.firebase:firebase-iid:17.0.4] AndroidManifest.xml:24:5-68
MERGED from [com.google.firebase:firebase-iid:17.0.4] AndroidManifest.xml:24:5-68
MERGED from [com.google.android.gms:play-services-measurement-sdk-api:16.0.4] AndroidManifest.xml:25:5-68
MERGED from [com.google.android.gms:play-services-measurement-sdk-api:16.0.4] AndroidManifest.xml:25:5-68
	android:name
		ADDED from src/main/AndroidManifest.xml:15:22-65
uses-permission#android.permission.WRITE_SYNC_SETTINGS
ADDED from src/main/AndroidManifest.xml:16:5-78
	android:name
		ADDED from src/main/AndroidManifest.xml:16:22-75
uses-permission#com.android.vending.BILLING
ADDED from src/main/AndroidManifest.xml:17:5-67
	android:name
		ADDED from src/main/AndroidManifest.xml:17:22-64
uses-permission#android.permission.KILL_BACKGROUND_PROCESSES
ADDED from src/main/AndroidManifest.xml:18:5-84
	android:name
		ADDED from src/main/AndroidManifest.xml:18:22-81
uses-permission#android.permission.WRITE_SETTINGS
ADDED from src/main/AndroidManifest.xml:19:5-21:47
	tools:ignore
		ADDED from src/main/AndroidManifest.xml:21:9-44
	android:name
		ADDED from src/main/AndroidManifest.xml:20:9-57
uses-permission#com.android.alarm.permission.SET_ALARM
ADDED from src/main/AndroidManifest.xml:23:5-78
	android:name
		ADDED from src/main/AndroidManifest.xml:23:22-75
application
ADDED from src/main/AndroidManifest.xml:25:5-119:19
MERGED from [devlight.io:navigationtabbar:1.2.5] AndroidManifest.xml:23:5-26:38
MERGED from [devlight.io:navigationtabbar:1.2.5] AndroidManifest.xml:23:5-26:38
MERGED from [com.afollestad.material-dialogs:core:0.9.6.0] AndroidManifest.xml:13:5-20
MERGED from [com.afollestad.material-dialogs:core:0.9.6.0] AndroidManifest.xml:13:5-20
MERGED from [com.github.bmarrdev:android-DecoView-charting:v1.2] AndroidManifest.xml:11:5-12:19
MERGED from [com.github.bmarrdev:android-DecoView-charting:v1.2] AndroidManifest.xml:11:5-12:19
MERGED from [me.itangqi.waveloadingview:library:0.3.5] AndroidManifest.xml:11:5-15:19
MERGED from [me.itangqi.waveloadingview:library:0.3.5] AndroidManifest.xml:11:5-15:19
MERGED from [com.github.Shashank02051997:FancyToast-Android:0.1.3] AndroidManifest.xml:11:5-15:19
MERGED from [com.github.Shashank02051997:FancyToast-Android:0.1.3] AndroidManifest.xml:11:5-15:19
MERGED from [com.google.firebase:firebase-messaging:17.3.4] AndroidManifest.xml:22:5-35:19
MERGED from [com.google.firebase:firebase-messaging:17.3.4] AndroidManifest.xml:22:5-35:19
MERGED from [com.google.android.gms:play-services-ads-identifier:16.0.0] AndroidManifest.xml:22:5-20
MERGED from [com.google.android.gms:play-services-ads-identifier:16.0.0] AndroidManifest.xml:22:5-20
MERGED from [com.google.android.gms:play-services-ads-lite:17.1.2] AndroidManifest.xml:26:5-40:19
MERGED from [com.google.android.gms:play-services-ads-lite:17.1.2] AndroidManifest.xml:26:5-40:19
MERGED from [com.google.android.gms:play-services-gass:17.1.2] AndroidManifest.xml:7:5-20
MERGED from [com.google.android.gms:play-services-gass:17.1.2] AndroidManifest.xml:7:5-20
MERGED from [com.google.firebase:firebase-iid:17.0.4] AndroidManifest.xml:28:5-57:19
MERGED from [com.google.firebase:firebase-iid:17.0.4] AndroidManifest.xml:28:5-57:19
MERGED from [com.google.firebase:firebase-common:16.0.3] AndroidManifest.xml:9:5-15:19
MERGED from [com.google.firebase:firebase-common:16.0.3] AndroidManifest.xml:9:5-15:19
MERGED from [com.google.firebase:firebase-iid-interop:16.0.1] AndroidManifest.xml:7:5-8:19
MERGED from [com.google.firebase:firebase-iid-interop:16.0.1] AndroidManifest.xml:7:5-8:19
MERGED from [com.google.android.gms:play-services-base:16.0.1] AndroidManifest.xml:22:5-27:19
MERGED from [com.google.android.gms:play-services-base:16.0.1] AndroidManifest.xml:22:5-27:19
MERGED from [com.google.android.gms:play-services-tasks:16.0.1] AndroidManifest.xml:7:5-20
MERGED from [com.google.android.gms:play-services-tasks:16.0.1] AndroidManifest.xml:7:5-20
MERGED from [com.google.firebase:firebase-measurement-connector:17.0.1] AndroidManifest.xml:22:5-23:19
MERGED from [com.google.firebase:firebase-measurement-connector:17.0.1] AndroidManifest.xml:22:5-23:19
MERGED from [com.google.android.gms:play-services-measurement-sdk-api:16.0.4] AndroidManifest.xml:27:5-28:19
MERGED from [com.google.android.gms:play-services-measurement-sdk-api:16.0.4] AndroidManifest.xml:27:5-28:19
MERGED from [com.google.android.gms:play-services-stats:16.0.1] AndroidManifest.xml:7:5-20
MERGED from [com.google.android.gms:play-services-stats:16.0.1] AndroidManifest.xml:7:5-20
MERGED from [com.google.android.gms:play-services-measurement-base:16.0.5] AndroidManifest.xml:7:5-20
MERGED from [com.google.android.gms:play-services-measurement-base:16.0.5] AndroidManifest.xml:7:5-20
MERGED from [com.google.android.gms:play-services-basement:16.0.1] AndroidManifest.xml:22:5-26:19
MERGED from [com.google.android.gms:play-services-basement:16.0.1] AndroidManifest.xml:22:5-26:19
MERGED from [com.amitshekhar.android:android-networking:0.2.0] AndroidManifest.xml:27:5-31:19
MERGED from [com.amitshekhar.android:android-networking:0.2.0] AndroidManifest.xml:27:5-31:19
MERGED from [com.android.support.constraint:constraint-layout:1.1.3] AndroidManifest.xml:9:5-20
MERGED from [com.android.support.constraint:constraint-layout:1.1.3] AndroidManifest.xml:9:5-20
MERGED from [com.github.jakob-grabner:Circle-Progress-View:1.2.8] AndroidManifest.xml:11:5-20
MERGED from [com.github.jakob-grabner:Circle-Progress-View:1.2.8] AndroidManifest.xml:11:5-20
MERGED from [de.hdodenhof:circleimageview:3.0.0] AndroidManifest.xml:9:5-20
MERGED from [de.hdodenhof:circleimageview:3.0.0] AndroidManifest.xml:9:5-20
MERGED from [com.mcxiaoke.volley:library-aar:1.0.0] AndroidManifest.xml:5:5-19
MERGED from [com.mcxiaoke.volley:library-aar:1.0.0] AndroidManifest.xml:5:5-19
MERGED from [net.grandcentrix.tray:tray:0.12.0] AndroidManifest.xml:11:5-17:19
MERGED from [net.grandcentrix.tray:tray:0.12.0] AndroidManifest.xml:11:5-17:19
MERGED from [com.cardiomood.android:android-widgets:0.1.1] AndroidManifest.xml:11:5-12:19
MERGED from [com.cardiomood.android:android-widgets:0.1.1] AndroidManifest.xml:11:5-12:19
MERGED from [com.skyfishjy.ripplebackground:library:1.0.1] AndroidManifest.xml:11:5-20
MERGED from [com.skyfishjy.ripplebackground:library:1.0.1] AndroidManifest.xml:11:5-20
MERGED from [com.android.support:customtabs:26.1.0] AndroidManifest.xml:22:5-26:19
MERGED from [com.android.support:customtabs:26.1.0] AndroidManifest.xml:22:5-26:19
MERGED from [com.google.android.gms:play-services-ads-base:17.1.2] AndroidManifest.xml:7:5-20
MERGED from [com.google.android.gms:play-services-ads-base:17.1.2] AndroidManifest.xml:7:5-20
	android:supportsRtl
		ADDED from src/main/AndroidManifest.xml:32:9-35
	android:label
		ADDED from src/main/AndroidManifest.xml:30:9-41
	android:hardwareAccelerated
		ADDED from src/main/AndroidManifest.xml:28:9-44
	tools:ignore
		ADDED from src/main/AndroidManifest.xml:34:9-48
	android:largeHeap
		ADDED from src/main/AndroidManifest.xml:31:9-33
	android:icon
		ADDED from src/main/AndroidManifest.xml:29:9-43
	android:allowBackup
		ADDED from src/main/AndroidManifest.xml:27:9-35
	android:theme
		ADDED from src/main/AndroidManifest.xml:33:9-40
	android:name
		ADDED from src/main/AndroidManifest.xml:26:9-38
activity#com.abc.premiumvpn.activity.SpeedTest2
ADDED from src/main/AndroidManifest.xml:35:9-42:20
	android:label
		ADDED from src/main/AndroidManifest.xml:37:13-63
	android:theme
		ADDED from src/main/AndroidManifest.xml:38:13-56
	android:name
		ADDED from src/main/AndroidManifest.xml:36:13-48
activity#com.abc.premiumvpn.activity.SplashActivity
ADDED from src/main/AndroidManifest.xml:43:9-46:45
	android:noHistory
		ADDED from src/main/AndroidManifest.xml:45:13-37
	android:theme
		ADDED from src/main/AndroidManifest.xml:46:13-42
	android:name
		ADDED from src/main/AndroidManifest.xml:44:13-52
activity#com.abc.premiumvpn.activity.MainActivity
ADDED from src/main/AndroidManifest.xml:47:9-49:41
	android:label
		ADDED from src/main/AndroidManifest.xml:49:13-29
	android:name
		ADDED from src/main/AndroidManifest.xml:48:13-50
activity#com.abc.premiumvpn.activity.VPNListActivity
ADDED from src/main/AndroidManifest.xml:50:9-62
	android:name
		ADDED from src/main/AndroidManifest.xml:50:19-59
activity#com.abc.premiumvpn.activity.VPNInfoActivity
ADDED from src/main/AndroidManifest.xml:51:9-53:46
	android:launchMode
		ADDED from src/main/AndroidManifest.xml:53:13-43
	android:name
		ADDED from src/main/AndroidManifest.xml:52:13-53
activity#com.abc.premiumvpn.activity.SettingsActivity
ADDED from src/main/AndroidManifest.xml:54:9-57:40
	android:label
		ADDED from src/main/AndroidManifest.xml:56:13-52
	android:noHistory
		ADDED from src/main/AndroidManifest.xml:57:13-37
	android:name
		ADDED from src/main/AndroidManifest.xml:55:13-54
service#de.blinkt.openvpn.core.OpenVPNService
ADDED from src/main/AndroidManifest.xml:59:9-65:19
	android:permission
		ADDED from src/main/AndroidManifest.xml:61:13-69
	android:name
		ADDED from src/main/AndroidManifest.xml:60:13-65
intent-filter#action:name:android.net.VpnService
ADDED from src/main/AndroidManifest.xml:62:13-64:29
action#android.net.VpnService
ADDED from src/main/AndroidManifest.xml:63:17-65
	android:name
		ADDED from src/main/AndroidManifest.xml:63:25-62
activity#com.abc.premiumvpn.activity.SpeedTestActivity
ADDED from src/main/AndroidManifest.xml:67:9-69:42
	android:label
		ADDED from src/main/AndroidManifest.xml:69:13-39
	android:name
		ADDED from src/main/AndroidManifest.xml:68:13-55
activity#com.abc.premiumvpn.activity.TOSActivity
ADDED from src/main/AndroidManifest.xml:70:9-72:48
	android:theme
		ADDED from src/main/AndroidManifest.xml:72:13-45
	android:name
		ADDED from src/main/AndroidManifest.xml:71:13-49
activity#com.google.android.gms.ads.AdActivity
ADDED from src/main/AndroidManifest.xml:73:9-76:64
MERGED from [com.google.android.gms:play-services-ads-lite:17.1.2] AndroidManifest.xml:29:9-33:64
MERGED from [com.google.android.gms:play-services-ads-lite:17.1.2] AndroidManifest.xml:29:9-33:64
	android:exported
		ADDED from [com.google.android.gms:play-services-ads-lite:17.1.2] AndroidManifest.xml:32:13-37
	android:configChanges
		ADDED from src/main/AndroidManifest.xml:75:13-122
	android:theme
		ADDED from src/main/AndroidManifest.xml:76:13-61
	android:name
		ADDED from src/main/AndroidManifest.xml:74:13-65
activity#com.abc.premiumvpn.activity.StepActivity
ADDED from src/main/AndroidManifest.xml:77:9-85:20
	android:theme
		ADDED from src/main/AndroidManifest.xml:79:13-42
	android:name
		ADDED from src/main/AndroidManifest.xml:78:13-50
intent-filter#action:name:android.intent.action.MAIN+category:name:android.intent.category.LAUNCHER
ADDED from src/main/AndroidManifest.xml:80:13-84:29
action#android.intent.action.MAIN
ADDED from src/main/AndroidManifest.xml:81:17-69
	android:name
		ADDED from src/main/AndroidManifest.xml:81:25-66
category#android.intent.category.LAUNCHER
ADDED from src/main/AndroidManifest.xml:83:17-77
	android:name
		ADDED from src/main/AndroidManifest.xml:83:27-74
activity#com.abc.premiumvpn.activity.UserActivity
ADDED from src/main/AndroidManifest.xml:86:9-68
	android:name
		ADDED from src/main/AndroidManifest.xml:86:19-56
activity#com.abc.premiumvpn.activity.ProActivitySuccess
ADDED from src/main/AndroidManifest.xml:87:9-65
	android:name
		ADDED from src/main/AndroidManifest.xml:87:19-62
activity#com.abc.premiumvpn.activity.ProActivity
ADDED from src/main/AndroidManifest.xml:88:9-58
	android:name
		ADDED from src/main/AndroidManifest.xml:88:19-55
activity#com.abc.premiumvpn.activity.FragmentWrapperActivity
ADDED from src/main/AndroidManifest.xml:89:9-70
	android:name
		ADDED from src/main/AndroidManifest.xml:89:19-67
activity#com.abc.premiumvpn.activity.Black_Battery_Saver
ADDED from src/main/AndroidManifest.xml:90:9-66
	android:name
		ADDED from src/main/AndroidManifest.xml:90:19-63
activity#com.abc.premiumvpn.activity.Apps_Picker
ADDED from src/main/AndroidManifest.xml:91:9-58
	android:name
		ADDED from src/main/AndroidManifest.xml:91:19-55
activity#com.abc.premiumvpn.activity.NormalMode
ADDED from src/main/AndroidManifest.xml:92:9-57
	android:name
		ADDED from src/main/AndroidManifest.xml:92:19-54
activity#com.abc.premiumvpn.activity.PopUp_SavingPower
ADDED from src/main/AndroidManifest.xml:93:9-64
	android:name
		ADDED from src/main/AndroidManifest.xml:93:19-61
activity#com.abc.premiumvpn.activity.Saving_Power_Comp
ADDED from src/main/AndroidManifest.xml:94:9-64
	android:name
		ADDED from src/main/AndroidManifest.xml:94:19-61
activity#com.abc.premiumvpn.activity.UApplying
ADDED from src/main/AndroidManifest.xml:95:9-56
	android:name
		ADDED from src/main/AndroidManifest.xml:95:19-53
activity#com.abc.premiumvpn.activity.UPopUp
ADDED from src/main/AndroidManifest.xml:96:9-53
	android:name
		ADDED from src/main/AndroidManifest.xml:96:19-50
activity#com.abc.premiumvpn.activity.ScannerCPU
ADDED from src/main/AndroidManifest.xml:97:9-57
	android:name
		ADDED from src/main/AndroidManifest.xml:97:19-54
activity#com.abc.premiumvpn.activity.HorizontalNtbActivity
ADDED from src/main/AndroidManifest.xml:98:9-68
	android:name
		ADDED from src/main/AndroidManifest.xml:98:19-65
meta-data#com.google.android.gms.version
ADDED from src/main/AndroidManifest.xml:100:9-102:69
MERGED from [com.google.android.gms:play-services-basement:16.0.1] AndroidManifest.xml:23:9-25:69
MERGED from [com.google.android.gms:play-services-basement:16.0.1] AndroidManifest.xml:23:9-25:69
	android:value
		ADDED from src/main/AndroidManifest.xml:102:13-66
	android:name
		ADDED from src/main/AndroidManifest.xml:101:13-58
meta-data#com.google.android.gms.ads.APPLICATION_ID
ADDED from src/main/AndroidManifest.xml:103:9-105:52
	android:value
		ADDED from src/main/AndroidManifest.xml:105:13-49
	android:name
		ADDED from src/main/AndroidManifest.xml:104:13-69
service#com.abc.premiumvpn.service.MyFirebaseMessagingService
ADDED from src/main/AndroidManifest.xml:107:9-111:19
	android:name
		ADDED from src/main/AndroidManifest.xml:107:18-68
intent-filter#action:name:com.google.firebase.MESSAGING_EVENT
ADDED from src/main/AndroidManifest.xml:108:13-110:29
action#com.google.firebase.MESSAGING_EVENT
ADDED from src/main/AndroidManifest.xml:109:17-78
	android:name
		ADDED from src/main/AndroidManifest.xml:109:25-75
service#com.abc.premiumvpn.service.MyFirebaseInstanceIDService
ADDED from src/main/AndroidManifest.xml:112:9-116:19
	android:name
		ADDED from src/main/AndroidManifest.xml:112:18-69
intent-filter#action:name:com.google.firebase.INSTANCE_ID_EVENT
ADDED from src/main/AndroidManifest.xml:113:13-115:29
action#com.google.firebase.INSTANCE_ID_EVENT
ADDED from src/main/AndroidManifest.xml:114:17-80
	android:name
		ADDED from src/main/AndroidManifest.xml:114:25-77
receiver#com.abc.premiumvpn.service.BoostAlarm
ADDED from src/main/AndroidManifest.xml:118:9-56
	android:name
		ADDED from src/main/AndroidManifest.xml:118:19-53
uses-sdk
INJECTED from src/main/AndroidManifest.xml reason: use-sdk injection requested
INJECTED from src/main/AndroidManifest.xml
INJECTED from src/main/AndroidManifest.xml
MERGED from [devlight.io:navigationtabbar:1.2.5] AndroidManifest.xml:19:5-21:41
MERGED from [devlight.io:navigationtabbar:1.2.5] AndroidManifest.xml:19:5-21:41
MERGED from [com.android.support:design:27.1.1] AndroidManifest.xml:20:5-44
MERGED from [com.android.support:design:27.1.1] AndroidManifest.xml:20:5-44
MERGED from [com.afollestad.material-dialogs:core:0.9.6.0] AndroidManifest.xml:8:5-11:75
MERGED from [com.afollestad.material-dialogs:core:0.9.6.0] AndroidManifest.xml:8:5-11:75
MERGED from [com.github.bmarrdev:android-DecoView-charting:v1.2] AndroidManifest.xml:7:5-9:41
MERGED from [com.github.bmarrdev:android-DecoView-charting:v1.2] AndroidManifest.xml:7:5-9:41
MERGED from [me.itangqi.waveloadingview:library:0.3.5] AndroidManifest.xml:7:5-9:41
MERGED from [me.itangqi.waveloadingview:library:0.3.5] AndroidManifest.xml:7:5-9:41
MERGED from [com.github.Shashank02051997:FancyToast-Android:0.1.3] AndroidManifest.xml:7:5-9:41
MERGED from [com.github.Shashank02051997:FancyToast-Android:0.1.3] AndroidManifest.xml:7:5-9:41
MERGED from [jp.wasabeef:recyclerview-animators:2.2.5] AndroidManifest.xml:8:5-10:41
MERGED from [jp.wasabeef:recyclerview-animators:2.2.5] AndroidManifest.xml:8:5-10:41
MERGED from [com.github.Shashank02051997:FancyAlertDialog-Android:0.1] AndroidManifest.xml:7:5-9:41
MERGED from [com.github.Shashank02051997:FancyAlertDialog-Android:0.1] AndroidManifest.xml:7:5-9:41
MERGED from [me.zhanghai.android.materialprogressbar:library:1.4.2] AndroidManifest.xml:12:5-14:41
MERGED from [me.zhanghai.android.materialprogressbar:library:1.4.2] AndroidManifest.xml:12:5-14:41
MERGED from [com.android.support:appcompat-v7:27.1.1] AndroidManifest.xml:20:5-44
MERGED from [com.android.support:appcompat-v7:27.1.1] AndroidManifest.xml:20:5-44
MERGED from [com.google.android.gms:play-services-ads:17.1.2] AndroidManifest.xml:21:5-23:62
MERGED from [com.google.android.gms:play-services-ads:17.1.2] AndroidManifest.xml:21:5-23:62
MERGED from [com.google.firebase:firebase-messaging:17.3.4] AndroidManifest.xml:20:5-44
MERGED from [com.google.firebase:firebase-messaging:17.3.4] AndroidManifest.xml:20:5-44
MERGED from [com.google.android.gms:play-services-ads-identifier:16.0.0] AndroidManifest.xml:20:5-44
MERGED from [com.google.android.gms:play-services-ads-identifier:16.0.0] AndroidManifest.xml:20:5-44
MERGED from [com.google.android.gms:play-services-ads-lite:17.1.2] AndroidManifest.xml:20:5-44
MERGED from [com.google.android.gms:play-services-ads-lite:17.1.2] AndroidManifest.xml:20:5-44
MERGED from [com.google.android.gms:play-services-gass:17.1.2] AndroidManifest.xml:5:5-44
MERGED from [com.google.android.gms:play-services-gass:17.1.2] AndroidManifest.xml:5:5-44
MERGED from [com.google.firebase:firebase-iid:17.0.4] AndroidManifest.xml:20:5-44
MERGED from [com.google.firebase:firebase-iid:17.0.4] AndroidManifest.xml:20:5-44
MERGED from [com.google.firebase:firebase-common:16.0.3] AndroidManifest.xml:5:5-7:41
MERGED from [com.google.firebase:firebase-common:16.0.3] AndroidManifest.xml:5:5-7:41
MERGED from [com.google.firebase:firebase-iid-interop:16.0.1] AndroidManifest.xml:5:5-44
MERGED from [com.google.firebase:firebase-iid-interop:16.0.1] AndroidManifest.xml:5:5-44
MERGED from [com.google.android.gms:play-services-base:16.0.1] AndroidManifest.xml:20:5-44
MERGED from [com.google.android.gms:play-services-base:16.0.1] AndroidManifest.xml:20:5-44
MERGED from [com.google.android.gms:play-services-tasks:16.0.1] AndroidManifest.xml:5:5-44
MERGED from [com.google.android.gms:play-services-tasks:16.0.1] AndroidManifest.xml:5:5-44
MERGED from [com.google.firebase:firebase-measurement-connector:17.0.1] AndroidManifest.xml:20:5-44
MERGED from [com.google.firebase:firebase-measurement-connector:17.0.1] AndroidManifest.xml:20:5-44
MERGED from [com.google.android.gms:play-services-measurement-sdk-api:16.0.4] AndroidManifest.xml:20:5-44
MERGED from [com.google.android.gms:play-services-measurement-sdk-api:16.0.4] AndroidManifest.xml:20:5-44
MERGED from [com.google.android.gms:play-services-stats:16.0.1] AndroidManifest.xml:5:5-44
MERGED from [com.google.android.gms:play-services-stats:16.0.1] AndroidManifest.xml:5:5-44
MERGED from [com.google.android.gms:play-services-measurement-base:16.0.5] AndroidManifest.xml:5:5-44
MERGED from [com.google.android.gms:play-services-measurement-base:16.0.5] AndroidManifest.xml:5:5-44
MERGED from [com.google.android.gms:play-services-basement:16.0.1] AndroidManifest.xml:20:5-44
MERGED from [com.google.android.gms:play-services-basement:16.0.1] AndroidManifest.xml:20:5-44
MERGED from [com.android.support:support-v4:27.1.1] AndroidManifest.xml:20:5-44
MERGED from [com.android.support:support-v4:27.1.1] AndroidManifest.xml:20:5-44
MERGED from [com.android.support:recyclerview-v7:27.1.1] AndroidManifest.xml:20:5-44
MERGED from [com.android.support:recyclerview-v7:27.1.1] AndroidManifest.xml:20:5-44
MERGED from [com.android.support:cardview-v7:27.1.1] AndroidManifest.xml:20:5-44
MERGED from [com.android.support:cardview-v7:27.1.1] AndroidManifest.xml:20:5-44
MERGED from [com.android.support:gridlayout-v7:27.1.1] AndroidManifest.xml:20:5-44
MERGED from [com.android.support:gridlayout-v7:27.1.1] AndroidManifest.xml:20:5-44
MERGED from [com.daimajia.numberprogressbar:library:1.2] AndroidManifest.xml:7:5-9:41
MERGED from [com.daimajia.numberprogressbar:library:1.2] AndroidManifest.xml:7:5-9:41
MERGED from [com.amitshekhar.android:android-networking:0.2.0] AndroidManifest.xml:23:5-25:41
MERGED from [com.amitshekhar.android:android-networking:0.2.0] AndroidManifest.xml:23:5-25:41
MERGED from [com.android.support.constraint:constraint-layout:1.1.3] AndroidManifest.xml:5:5-7:41
MERGED from [com.android.support.constraint:constraint-layout:1.1.3] AndroidManifest.xml:5:5-7:41
MERGED from [com.github.jakob-grabner:Circle-Progress-View:1.2.8] AndroidManifest.xml:7:5-9:41
MERGED from [com.github.jakob-grabner:Circle-Progress-View:1.2.8] AndroidManifest.xml:7:5-9:41
MERGED from [de.hdodenhof:circleimageview:3.0.0] AndroidManifest.xml:5:5-7:41
MERGED from [de.hdodenhof:circleimageview:3.0.0] AndroidManifest.xml:5:5-7:41
MERGED from [com.mcxiaoke.volley:library-aar:1.0.0] AndroidManifest.xml:3:5-72